[debug] > Exec(early(addDefaultCommands), None, None)
[debug] > Exec(addDefaultCommands, None, None)
[debug] > Exec(early(initialize), None, None)
[debug] > Exec(initialize, None, None)
[debug] > Exec(early(addPluginSbtFile="""C:\Users\Admin\AppData\Local\Temp\idea.sbt"""), None, None)
[debug] > Exec(addPluginSbtFile="""C:\Users\Admin\AppData\Local\Temp\idea.sbt""", None, None)
[debug] > Exec(boot, None, None)
[debug] > Exec(writeSbtVersion, None, None)
[debug] > Exec(reload, None, None)
[debug] > Exec(sbtStashOnFailure, None, None)
[debug] > Exec(onFailure loadFailed, None, None)
[debug] > Exec(loadp, None, None)
[info] welcome to sbt 1.10.7 (Amazon.com Inc. Java 1.8.0_432)
[debug] Load.defaultLoad until apply took 701.6889ms
[debug]           Load.loadUnit: plugins took 478.6564ms
[debug]           Load.loadUnit: defsScala took 0.9559ms
[debug] [Loading] Scanning directory C:\Users\Admin\Documents\Études\Devoirs\Master 2\DA\CAL\project
[debug]             Load.loadUnit: mkEval took 24.1953ms
[debug] [Loading] Found non-root projects 
[debug] [Loading] Done in C:\Users\Admin\Documents\Études\Devoirs\Master 2\DA\CAL\project, returning: ()
[debug] deducing auto plugins based on known facts Set(Atom(sbt.plugins.CorePlugin)) and clauses Clauses(Clause(Atom(sbt.plugins.JvmPlugin),Set(Atom(sbt.plugins.IvyPlugin)))
[debug] Clause(Atom(sbt.ScriptedPlugin),Set(Atom(sbt.plugins.JvmPlugin)))
[debug] Clause(Atom(sbt.plugins.SbtPlugin),Set(Atom(sbt.ScriptedPlugin)))
[debug] Clause(Atom(sbt.plugins.SemanticdbPlugin),Set(Atom(sbt.plugins.JvmPlugin)))
[debug] Clause(Atom(sbt.plugins.JUnitXmlReportPlugin),Set(Atom(sbt.plugins.JvmPlugin)))
[debug] Clause(Atom(sbt.plugins.MiniDependencyTreePlugin),Set(Atom(sbt.plugins.JvmPlugin)))
[debug] Clause(Atom(sbt.plugins.CorePlugin),Set(Atom(sbt.plugins.IvyPlugin)))
[debug] Clause(Atom(sbt.plugins.IvyPlugin),Set(Atom(sbt.plugins.JvmPlugin)))
[debug] Clause(Atom(sbt.plugins.JvmPlugin),Set(Atom(sbt.plugins.SemanticdbPlugin)))
[debug] Clause(Atom(sbt.plugins.JvmPlugin),Set(Atom(sbt.plugins.JUnitXmlReportPlugin)))
[debug] Clause(Atom(sbt.plugins.CorePlugin),Set(Atom(sbt.plugins.Giter8TemplatePlugin)))
[debug] Clause(Atom(sbt.plugins.JvmPlugin),Set(Atom(sbt.plugins.MiniDependencyTreePlugin))))
[debug]   :: deduced result: Matched(sbt.plugins.CorePlugin,sbt.plugins.Giter8TemplatePlugin,sbt.plugins.IvyPlugin,sbt.plugins.JvmPlugin,sbt.plugins.MiniDependencyTreePlugin,sbt.plugins.JUnitXmlReportPlugin,sbt.plugins.SemanticdbPlugin)
[debug] Plugins.deducer#function took 35.9678 ms
[info] loading settings for project cal-build from idea.sbt...
[debug]               Load.resolveProject(cal-build) took 97.7366ms
[debug]             Load.loadTransitive: finalizeProject(Project(id cal-build, base: C:\Users\Admin\Documents\Études\Devoirs\Master 2\DA\CAL\project, plugins: List(<none>))) took 155.6652ms
[debug] [Loading] Done in C:\Users\Admin\Documents\Études\Devoirs\Master 2\DA\CAL\project, returning: (cal-build)
[debug]           Load.loadUnit: loadedProjectsRaw took 10444.2413ms
[debug]           Load.loadUnit: cleanEvalClasses took 16.3328ms
[debug]         Load.loadUnit(file:/C:/Users/Admin/Documents/Études/Devoirs/Master%202/DA/CAL/project/, ...) took 10958.8435ms
[debug]       Load.apply: load took 11242.5752ms
[debug]       Load.apply: resolveProjects took 11.7625ms
[debug]       Load.apply: finalTransforms took 177.5632ms
[debug]       Load.apply: config.delegates took 16.4269ms
[debug]       Load.apply: Def.make(settings)... took 1079.9835ms
[debug]       Load.apply: structureIndex took 407.5943ms
[debug]       Load.apply: mkStreams took 3.4351ms
[info] loading project definition from C:\Users\Admin\Documents\Études\Devoirs\Master 2\DA\CAL\project
[debug] Running task... Cancel: Signal, check cycles: false, forcegc: true
[debug]     Load.loadUnit: plugins took 18668.3862ms
[debug]     Load.loadUnit: defsScala took 0.0051ms
[debug] [Loading] Scanning directory C:\Users\Admin\Documents\Études\Devoirs\Master 2\DA\CAL
[debug]       Load.loadUnit: mkEval took 0.6162ms
[debug] [Loading] Found non-root projects 
[debug] [Loading] Done in C:\Users\Admin\Documents\Études\Devoirs\Master 2\DA\CAL, returning: ()
[debug] deducing auto plugins based on known facts Set(Atom(sbt.plugins.CorePlugin)) and clauses Clauses(Clause(Atom(sbt.plugins.JvmPlugin),Set(Atom(sbt.plugins.IvyPlugin)))
[debug] Clause(Atom(sbt.ScriptedPlugin),Set(Atom(sbt.plugins.JvmPlugin)))
[debug] Clause(Atom(sbt.plugins.SbtPlugin),Set(Atom(sbt.ScriptedPlugin)))
[debug] Clause(Atom(sbt.plugins.SemanticdbPlugin),Set(Atom(sbt.plugins.JvmPlugin)))
[debug] Clause(Atom(sbt.plugins.JUnitXmlReportPlugin),Set(Atom(sbt.plugins.JvmPlugin)))
[debug] Clause(Atom(sbt.plugins.MiniDependencyTreePlugin),Set(Atom(sbt.plugins.JvmPlugin)))
[debug] Clause(Atom(org.jetbrains.sbt.StructurePlugin),Set(Atom(sbt.plugins.JvmPlugin)))
[debug] Clause(Atom(org.jetbrains.sbt.IdeaShellPlugin),Set(Atom(sbt.plugins.JvmPlugin)))
[debug] Clause(Atom(sbt.plugins.CorePlugin),Set(Atom(sbt.plugins.IvyPlugin)))
[debug] Clause(Atom(sbt.plugins.IvyPlugin),Set(Atom(sbt.plugins.JvmPlugin)))
[debug] Clause(Atom(sbt.plugins.JvmPlugin),Set(Atom(sbt.plugins.SemanticdbPlugin)))
[debug] Clause(Atom(sbt.plugins.JvmPlugin),Set(Atom(sbt.plugins.JUnitXmlReportPlugin)))
[debug] Clause(Atom(sbt.plugins.CorePlugin),Set(Atom(sbt.plugins.Giter8TemplatePlugin)))
[debug] Clause(Atom(sbt.plugins.JvmPlugin),Set(Atom(sbt.plugins.MiniDependencyTreePlugin)))
[debug] Clause(Atom(sbt.plugins.JvmPlugin),Set(Atom(org.jetbrains.sbt.StructurePlugin)))
[debug] Clause(Atom(sbt.plugins.JvmPlugin),Set(Atom(org.jetbrains.sbt.IdeaShellPlugin))))
[debug]   :: deduced result: Matched(sbt.plugins.CorePlugin,sbt.plugins.Giter8TemplatePlugin,sbt.plugins.IvyPlugin,sbt.plugins.JvmPlugin,sbt.plugins.SemanticdbPlugin,sbt.plugins.JUnitXmlReportPlugin,org.jetbrains.sbt.IdeaShellPlugin,org.jetbrains.sbt.StructurePlugin,sbt.plugins.MiniDependencyTreePlugin)
[debug] Plugins.deducer#function took 12.9673 ms
[info] loading settings for project cal from build.sbt...
[debug]         Load.resolveProject(cal) took 98.2813ms
[debug]       Load.loadTransitive: finalizeProject(Project(id cal, base: C:\Users\Admin\Documents\Études\Devoirs\Master 2\DA\CAL, plugins: List(<none>))) took 112.7306ms
[debug] [Loading] Done in C:\Users\Admin\Documents\Études\Devoirs\Master 2\DA\CAL, returning: (cal)
[debug]     Load.loadUnit: loadedProjectsRaw took 8130.8548ms
[debug]     Load.loadUnit: cleanEvalClasses took 47.407ms
[debug]   Load.loadUnit(file:/C:/Users/Admin/Documents/Études/Devoirs/Master%202/DA/CAL/, ...) took 26849.5391ms
[debug] Load.apply: load took 26960.9076ms
[debug] Load.apply: resolveProjects took 0.2583ms
[debug] Load.apply: finalTransforms took 169.8054ms
[debug] Load.apply: config.delegates took 0.7808ms
[debug] Load.apply: Def.make(settings)... took 376.1122ms
[debug] Load.apply: structureIndex took 88.0307ms
[debug] Load.apply: mkStreams took 0.0061ms
[info] set current project to Gestion_contrat (in build file:/C:/Users/Admin/Documents/Études/Devoirs/Master%202/DA/CAL/)
[debug] > Exec(sbtPopOnFailure, None, None)
[debug] > Exec(resumeFromFailure, None, None)
[debug] > Exec(notifyUsersAboutShell, None, None)
[debug] > Exec(iflast shell, None, None)
[debug] > Exec(idea-shell, None, None)
